#
# A fatal error has been detected by the Java Runtime Environment:
#
#  SIGSEGV (0xb) at pc=0x00000001064ad9a8, pid=707, tid=0x0000000000002d03
#
# JRE version: OpenJDK Runtime Environment (8.0_292-b10) (build 1.8.0_292-b10)
# Java VM: OpenJDK 64-Bit Server VM (25.292-b10 mixed mode bsd-amd64 compressed oops)
# Problematic frame:
# V  [libjvm.dylib+0x5309a8]
#
# Failed to write core dump. Core dumps have been disabled. To enable core dumping, try "ulimit -c unlimited" before starting Java again
#
# If you would like to submit a bug report, please visit:
#   https://github.com/AdoptOpenJDK/openjdk-support/issues
#

---------------  T H R E A D  ---------------

Current thread (0x00007ff17183f000):  VMThread [stack: 0x0000700002be7000,0x0000700002ce7000] [id=11523]

siginfo: si_signo: 11 (SIGSEGV), si_code: 0 (unknown), si_addr: 0x0000000000000000

Registers:
RAX=0x00007ff173000000, RBX=0x00007ff172757c18, RCX=0x0000000000000f12, RDX=0x000000000000a860
RSP=0x0000700002ce6630, RBP=0x0000700002ce6670, RSI=0x0000000000000f12, RDI=0x00087ff170fac540
R8 =0x0000000000009fe8, R9 =0x0000000000000002, R10=0x00007ff170e00000, R11=0x0000000000000000
R12=0x0000700002ce6680, R13=0x0000000106665030, R14=0x0000700002ce66a0, R15=0x00007ff173007890
RIP=0x00000001064ad9a8, EFLAGS=0x0000000000010246, ERR=0x0000000000000000
  TRAPNO=0x000000000000000d

Top of Stack: (sp=0x0000700002ce6630)
0x0000700002ce6630:   0000700002ce6680 0000000000000f12
0x0000700002ce6640:   00004e2b02ce66c0 0000700002ce6680
0x0000700002ce6650:   0000700002ce6770 000000010668e020
0x0000700002ce6660:   0000700002ce6728 0000700002ce6770
0x0000700002ce6670:   0000700002ce66c0 00000001064ada5d
0x0000700002ce6680:   000000100000392f 00007ff171df3450
0x0000700002ce6690:   00007ff177ac0428 0000000000000000
0x0000700002ce66a0:   0000000000018dc0 0000700002ce6728
0x0000700002ce66b0:   0000000000000000 0000700002ce66f8
0x0000700002ce66c0:   0000700002ce6860 0000000106443206
0x0000700002ce66d0:   0000000106585915 0000000000000100
0x0000700002ce66e0:   000000010668dee8 0000000147a28b65
0x0000700002ce66f0:   000000032b5fa2c0 00000001065533ab
0x0000700002ce6700:   0000700002ce0100 000000010668dee8
0x0000700002ce6710:   0000000147ffe005 000000032c486e83
0x0000700002ce6720:   0000700002ce6810 0000000000000000
0x0000700002ce6730:   000000000000017d 0000000000000278
0x0000700002ce6740:   0000000000000001 000000010665bdb0
0x0000700002ce6750:   0000700002ce6700 00007ff170f06ed0
0x0000700002ce6760:   000000010665bd98 00007ff170f06ed0
0x0000700002ce6770:   0000000000000000 000000000000017d
0x0000700002ce6780:   0000000000000278 0000000000000001
0x0000700002ce6790:   000000010665e1c0 0000000100000004
0x0000700002ce67a0:   00007ff170f067d0 000000010643ee07
0x0000700002ce67b0:   0000000000000c00 0000000000000000
0x0000700002ce67c0:   0000000000000000 000000010668da00
0x0000700002ce67d0:   00007ff17180e800 00000001063be501
0x0000700002ce67e0:   000000000ab00001 0000700000000004
0x0000700002ce67f0:   0000000106da84e7 0000000106da83d0
0x0000700002ce6800:   0000700000000000 00007000027d7ab0
0x0000700002ce6810:   00007000027d7a48 00007ff17180e800
0x0000700002ce6820:   0000700002ce6830 00000001064069e1 

Instructions: (pc=0x00000001064ad9a8)
0x00000001064ad988:   77 48 8b 4d c8 4c 8d 3c c8 f6 43 08 01 74 0d 48
0x00000001064ad998:   8d 05 0a 3a 1c 00 8b 00 85 c0 74 5c 48 8b 7b 10
0x00000001064ad9a8:   0f b7 07 83 c0 0f c1 e8 03 41 8b 4d 00 8d 44 01
0x00000001064ad9b8:   ff f7 d9 21 c1 48 63 c1 49 01 06 41 ff 04 24 66 

Register to memory mapping:

RAX=0x00007ff173000000 is an unknown value
RBX=0x00007ff172757c18 is an unknown value
RCX=0x0000000000000f12 is an unknown value
RDX=0x000000000000a860 is an unknown value
RSP=0x0000700002ce6630 is an unknown value
RBP=0x0000700002ce6670 is an unknown value
RSI=0x0000000000000f12 is an unknown value
RDI=0x00087ff170fac540 is an unknown value
R8 =0x0000000000009fe8 is an unknown value
R9 =0x0000000000000002 is an unknown value
R10=0x00007ff170e00000 is an unknown value
R11=0x0000000000000000 is an unknown value
R12=0x0000700002ce6680 is an unknown value
R13=0x0000000106665030: MinObjAlignment+0 in /Library/Java/JavaVirtualMachines/adoptopenjdk-8.jdk/Contents/Home/jre/lib/server/libjvm.dylib at 0x0000000105f7d000
R14=0x0000700002ce66a0 is an unknown value
R15=0x00007ff173007890 is an unknown value


Stack: [0x0000700002be7000,0x0000700002ce7000],  sp=0x0000700002ce6630,  free space=1021k
Native frames: (J=compiled Java code, j=interpreted, Vv=VM code, C=native code)
V  [libjvm.dylib+0x5309a8]
V  [libjvm.dylib+0x530a5d]
V  [libjvm.dylib+0x4c6206]
V  [libjvm.dylib+0x4c572e]
V  [libjvm.dylib+0x4c532e]
V  [libjvm.dylib+0x18a5f5]
V  [libjvm.dylib+0x5981be]
V  [libjvm.dylib+0x5a8204]
V  [libjvm.dylib+0x5a7b52]
V  [libjvm.dylib+0x5a7562]
V  [libjvm.dylib+0x5a7397]
V  [libjvm.dylib+0x48977f]
C  [libsystem_pthread.dylib+0x6109]  _pthread_start+0x94
C  [libsystem_pthread.dylib+0x1b8b]  thread_start+0xf

VM_Operation (0x0000700003d11ac0): CollectForMetadataAllocation, mode: safepoint, requested by thread 0x00007ff172d8a800


---------------  P R O C E S S  ---------------

Java Threads: ( => current thread )
  0x00007ff17245b800 JavaThread "Cache worker for checksums cache (/Users/parashsoni/Desktop/Practicals/Contractor/android/.gradle/checksums)" [_thread_blocked, id=24835, stack(0x0000700004432000,0x0000700004532000)]
  0x00007ff174a74800 JavaThread "Cache worker for file hash cache (/Users/parashsoni/Desktop/Practicals/Contractor/android/.gradle/6.7/fileHashes)" [_thread_blocked, id=24579, stack(0x000070000432f000,0x000070000442f000)]
  0x00007ff172dfe000 JavaThread "Cache worker for journal cache (/Users/parashsoni/.gradle/caches/journal-1)" [_thread_blocked, id=24323, stack(0x000070000422c000,0x000070000432c000)]
  0x00007ff17276f800 JavaThread "File lock request listener" [_thread_in_native, id=41731, stack(0x0000700004129000,0x0000700004229000)]
  0x00007ff172dc9800 JavaThread "Cache worker for file hash cache (/Users/parashsoni/.gradle/caches/6.7/fileHashes)" [_thread_blocked, id=23811, stack(0x0000700004026000,0x0000700004126000)]
  0x00007ff17273e800 JavaThread "Thread-9" [_thread_blocked, id=23299, stack(0x0000700003f23000,0x0000700004023000)]
  0x00007ff172734800 JavaThread "Stdin handler" [_thread_blocked, id=42243, stack(0x0000700003e20000,0x0000700003f20000)]
  0x00007ff1713ec800 JavaThread "Asynchronous log dispatcher for DefaultDaemonConnection: socket connection from /127.0.0.1:49370 to /127.0.0.1:49371" [_thread_blocked, id=22787, stack(0x0000700003d1d000,0x0000700003e1d000)]
  0x00007ff172d8a800 JavaThread "Daemon worker" [_thread_blocked, id=43011, stack(0x0000700003c1a000,0x0000700003d1a000)]
  0x00007ff17270f800 JavaThread "Cancel handler" [_thread_blocked, id=22275, stack(0x0000700003b17000,0x0000700003c17000)]
  0x00007ff172d8c000 JavaThread "Handler for socket connection from /127.0.0.1:49370 to /127.0.0.1:49371" [_thread_in_native, id=22019, stack(0x0000700003a14000,0x0000700003b14000)]
  0x00007ff172715000 JavaThread "Daemon" [_thread_blocked, id=15619, stack(0x0000700003911000,0x0000700003a11000)]
  0x00007ff172d87800 JavaThread "Daemon periodic checks" [_thread_blocked, id=16131, stack(0x000070000380e000,0x000070000390e000)]
  0x00007ff1726f4000 JavaThread "Incoming local TCP Connector on port 49370" [_thread_in_native, id=15363, stack(0x000070000370b000,0x000070000380b000)]
  0x00007ff17263a000 JavaThread "Daemon health stats" [_thread_blocked, id=15107, stack(0x0000700003608000,0x0000700003708000)]
  0x00007ff171065000 JavaThread "Service Thread" daemon [_thread_blocked, id=14595, stack(0x0000700003402000,0x0000700003502000)]
  0x00007ff172024000 JavaThread "C1 CompilerThread2" daemon [_thread_blocked, id=14339, stack(0x00007000032ff000,0x00007000033ff000)]
  0x00007ff171852000 JavaThread "C2 CompilerThread1" daemon [_thread_blocked, id=14083, stack(0x00007000031fc000,0x00007000032fc000)]
  0x00007ff172023000 JavaThread "C2 CompilerThread0" daemon [_thread_blocked, id=13827, stack(0x00007000030f9000,0x00007000031f9000)]
  0x00007ff17102c000 JavaThread "Signal Dispatcher" daemon [_thread_blocked, id=13315, stack(0x0000700002ff6000,0x00007000030f6000)]
  0x00007ff171844000 JavaThread "Finalizer" daemon [_thread_blocked, id=20227, stack(0x0000700002ded000,0x0000700002eed000)]
  0x00007ff171011000 JavaThread "Reference Handler" daemon [_thread_blocked, id=20739, stack(0x0000700002cea000,0x0000700002dea000)]
  0x00007ff17180e800 JavaThread "main" [_thread_blocked, id=5635, stack(0x00007000026d8000,0x00007000027d8000)]

Other Threads:
=>0x00007ff17183f000 VMThread [stack: 0x0000700002be7000,0x0000700002ce7000] [id=11523]
  0x00007ff171855800 WatcherThread [stack: 0x0000700003505000,0x0000700003605000] [id=14851]

VM state:at safepoint (normal execution)

VM Mutex/Monitor currently owned by a thread:  ([mutex/lock_event])
[0x00007ff170e0ca90] Threads_lock - owner thread: 0x00007ff17183f000
[0x00007ff170e0cf90] Heap_lock - owner thread: 0x00007ff172d8a800

heap address: 0x00000007d0800000, size: 512 MB, Compressed Oops mode: Zero based, Oop shift amount: 3
Narrow klass base: 0x00000007f0800000, Narrow klass shift: 0
Compressed class space size: 1073741824 Address: 0x00000007f0800000

Heap:
 PSYoungGen      total 76288K, used 7703K [0x00000007e5d80000, 0x00000007ef280000, 0x00000007f0800000)
  eden space 65536K, 0% used [0x00000007e5d80000,0x00000007e5d80000,0x00000007e9d80000)
  from space 10752K, 71% used [0x00000007ea800000,0x00000007eaf85ff0,0x00000007eb280000)
  to   space 10752K, 0% used [0x00000007e9d80000,0x00000007e9d80000,0x00000007ea800000)
 ParOldGen       total 175104K, used 395K [0x00000007d0800000, 0x00000007db300000, 0x00000007e5d80000)
  object space 175104K, 0% used [0x00000007d0800000,0x00000007d0862ed8,0x00000007db300000)
 Metaspace       used 20495K, capacity 21110K, committed 21248K, reserved 1067008K
  class space    used 3021K, capacity 3211K, committed 3328K, reserved 1048576K

Card table byte_map: [0x00000001055c0000,0x00000001056c1000] byte_map_base: 0x000000010173c000

Marking Bits: (ParMarkBitMap*) 0x000000010668de68
 Begin Bits: [0x0000000115da8000, 0x00000001165a8000)
 End Bits:   [0x00000001165a8000, 0x0000000116da8000)

Polling page: 0x0000000104996000

CodeCache: size=245760Kb used=6109Kb max_used=6121Kb free=239650Kb
 bounds [0x0000000106da8000, 0x00000001073a8000, 0x0000000115da8000]
 total_blobs=2114 nmethods=1702 adapters=325
 compilation: enabled

Compilation events (10 events):
Event: 5.463 Thread 0x00007ff172023000 1696 %     4       jdk.internal.org.objectweb.asm.Type::getArgumentsAndReturnSizes @ 4 (151 bytes)
Event: 5.472 Thread 0x00007ff172024000 1700       3       java.lang.invoke.InnerClassLambdaMetafactory::getLoadOpcode (25 bytes)
Event: 5.473 Thread 0x00007ff172024000 nmethod 1700 0x000000010739f810 code [0x000000010739f9a0, 0x000000010739fbd8]
Event: 5.473 Thread 0x00007ff172024000 1701       3       java.lang.invoke.InnerClassLambdaMetafactory::getParameterSize (27 bytes)
Event: 5.473 Thread 0x00007ff172024000 nmethod 1701 0x000000010739fcd0 code [0x000000010739fe40, 0x00000001073a0070]
Event: 5.473 Thread 0x00007ff171852000 1702       4       jdk.internal.org.objectweb.asm.ByteVector::putByte (39 bytes)
Event: 5.474 Thread 0x00007ff172023000 nmethod 1696% 0x00000001073a3210 code [0x00000001073a33a0, 0x00000001073a38b8]
Event: 5.476 Thread 0x00007ff172023000 1703  s    4       java.lang.StringBuffer::toString (36 bytes)
Event: 5.476 Thread 0x00007ff171852000 nmethod 1702 0x00000001073a00d0 code [0x00000001073a0220, 0x00000001073a0348]
Event: 5.481 Thread 0x00007ff172023000 nmethod 1703 0x00000001073a13d0 code [0x00000001073a1540, 0x00000001073a1af8]

GC Heap History (9 events):
Event: 2.653 GC heap before
{Heap before GC invocations=1 (full 0):
 PSYoungGen      total 76288K, used 65536K [0x00000007e5d80000, 0x00000007eb280000, 0x00000007f0800000)
  eden space 65536K, 100% used [0x00000007e5d80000,0x00000007e9d80000,0x00000007e9d80000)
  from space 10752K, 0% used [0x00000007ea800000,0x00000007ea800000,0x00000007eb280000)
  to   space 10752K, 0% used [0x00000007e9d80000,0x00000007e9d80000,0x00000007ea800000)
 ParOldGen       total 175104K, used 0K [0x00000007d0800000, 0x00000007db300000, 0x00000007e5d80000)
  object space 175104K, 0% used [0x00000007d0800000,0x00000007d0800000,0x00000007db300000)
 Metaspace       used 7954K, capacity 8278K, committed 8320K, reserved 1056768K
  class space    used 1035K, capacity 1141K, committed 1152K, reserved 1048576K
Event: 2.664 GC heap after
Heap after GC invocations=1 (full 0):
 PSYoungGen      total 76288K, used 6568K [0x00000007e5d80000, 0x00000007eb280000, 0x00000007f0800000)
  eden space 65536K, 0% used [0x00000007e5d80000,0x00000007e5d80000,0x00000007e9d80000)
  from space 10752K, 61% used [0x00000007e9d80000,0x00000007ea3ea2c8,0x00000007ea800000)
  to   space 10752K, 0% used [0x00000007ea800000,0x00000007ea800000,0x00000007eb280000)
 ParOldGen       total 175104K, used 16K [0x00000007d0800000, 0x00000007db300000, 0x00000007e5d80000)
  object space 175104K, 0% used [0x00000007d0800000,0x00000007d0804000,0x00000007db300000)
 Metaspace       used 7954K, capacity 8278K, committed 8320K, reserved 1056768K
  class space    used 1035K, capacity 1141K, committed 1152K, reserved 1048576K
}
Event: 4.221 GC heap before
{Heap before GC invocations=2 (full 0):
 PSYoungGen      total 76288K, used 72104K [0x00000007e5d80000, 0x00000007eb280000, 0x00000007f0800000)
  eden space 65536K, 100% used [0x00000007e5d80000,0x00000007e9d80000,0x00000007e9d80000)
  from space 10752K, 61% used [0x00000007e9d80000,0x00000007ea3ea2c8,0x00000007ea800000)
  to   space 10752K, 0% used [0x00000007ea800000,0x00000007ea800000,0x00000007eb280000)
 ParOldGen       total 175104K, used 16K [0x00000007d0800000, 0x00000007db300000, 0x00000007e5d80000)
  object space 175104K, 0% used [0x00000007d0800000,0x00000007d0804000,0x00000007db300000)
 Metaspace       used 15248K, capacity 15738K, committed 16000K, reserved 1062912K
  class space    used 2159K, capacity 2317K, committed 2432K, reserved 1048576K
Event: 4.234 GC heap after
Heap after GC invocations=2 (full 0):
 PSYoungGen      total 76288K, used 10059K [0x00000007e5d80000, 0x00000007eb280000, 0x00000007f0800000)
  eden space 65536K, 0% used [0x00000007e5d80000,0x00000007e5d80000,0x00000007e9d80000)
  from space 10752K, 93% used [0x00000007ea800000,0x00000007eb1d2ea8,0x00000007eb280000)
  to   space 10752K, 0% used [0x00000007e9d80000,0x00000007e9d80000,0x00000007ea800000)
 ParOldGen       total 175104K, used 24K [0x00000007d0800000, 0x00000007db300000, 0x00000007e5d80000)
  object space 175104K, 0% used [0x00000007d0800000,0x00000007d0806000,0x00000007db300000)
 Metaspace       used 15248K, capacity 15738K, committed 16000K, reserved 1062912K
  class space    used 2159K, capacity 2317K, committed 2432K, reserved 1048576K
}
Event: 5.306 GC heap before
{Heap before GC invocations=3 (full 0):
 PSYoungGen      total 76288K, used 75595K [0x00000007e5d80000, 0x00000007eb280000, 0x00000007f0800000)
  eden space 65536K, 100% used [0x00000007e5d80000,0x00000007e9d80000,0x00000007e9d80000)
  from space 10752K, 93% used [0x00000007ea800000,0x00000007eb1d2ea8,0x00000007eb280000)
  to   space 10752K, 0% used [0x00000007e9d80000,0x00000007e9d80000,0x00000007ea800000)
 ParOldGen       total 175104K, used 24K [0x00000007d0800000, 0x00000007db300000, 0x00000007e5d80000)
  object space 175104K, 0% used [0x00000007d0800000,0x00000007d0806000,0x00000007db300000)
 Metaspace       used 19742K, capacity 20426K, committed 20608K, reserved 1067008K
  class space    used 2894K, capacity 3073K, committed 3200K, reserved 1048576K
Event: 5.318 GC heap after
Heap after GC invocations=3 (full 0):
 PSYoungGen      total 76288K, used 10730K [0x00000007e5d80000, 0x00000007eb280000, 0x00000007f0800000)
  eden space 65536K, 0% used [0x00000007e5d80000,0x00000007e5d80000,0x00000007e9d80000)
  from space 10752K, 99% used [0x00000007e9d80000,0x00000007ea7faa30,0x00000007ea800000)
  to   space 10752K, 0% used [0x00000007ea800000,0x00000007ea800000,0x00000007eb280000)
 ParOldGen       total 175104K, used 387K [0x00000007d0800000, 0x00000007db300000, 0x00000007e5d80000)
  object space 175104K, 0% used [0x00000007d0800000,0x00000007d0860ed8,0x00000007db300000)
 Metaspace       used 19742K, capacity 20426K, committed 20608K, reserved 1067008K
  class space    used 2894K, capacity 3073K, committed 3200K, reserved 1048576K
}
Event: 5.489 GC heap before
{Heap before GC invocations=4 (full 0):
 PSYoungGen      total 76288K, used 26061K [0x00000007e5d80000, 0x00000007eb280000, 0x00000007f0800000)
  eden space 65536K, 23% used [0x00000007e5d80000,0x00000007e6c78b48,0x00000007e9d80000)
  from space 10752K, 99% used [0x00000007e9d80000,0x00000007ea7faa30,0x00000007ea800000)
  to   space 10752K, 0% used [0x00000007ea800000,0x00000007ea800000,0x00000007eb280000)
 ParOldGen       total 175104K, used 387K [0x00000007d0800000, 0x00000007db300000, 0x00000007e5d80000)
  object space 175104K, 0% used [0x00000007d0800000,0x00000007d0860ed8,0x00000007db300000)
 Metaspace       used 20495K, capacity 21110K, committed 21248K, reserved 1067008K
  class space    used 3021K, capacity 3211K, committed 3328K, reserved 1048576K
Event: 5.497 GC heap after
Heap after GC invocations=4 (full 0):
 PSYoungGen      total 76288K, used 7703K [0x00000007e5d80000, 0x00000007ef280000, 0x00000007f0800000)
  eden space 65536K, 0% used [0x00000007e5d80000,0x00000007e5d80000,0x00000007e9d80000)
  from space 10752K, 71% used [0x00000007ea800000,0x00000007eaf85ff0,0x00000007eb280000)
  to   space 10752K, 0% used [0x00000007e9d80000,0x00000007e9d80000,0x00000007ea800000)
 ParOldGen       total 175104K, used 395K [0x00000007d0800000, 0x00000007db300000, 0x00000007e5d80000)
  object space 175104K, 0% used [0x00000007d0800000,0x00000007d0862ed8,0x00000007db300000)
 Metaspace       used 20495K, capacity 21110K, committed 21248K, reserved 1067008K
  class space    used 3021K, capacity 3211K, committed 3328K, reserved 1048576K
}
Event: 5.497 GC heap before
{Heap before GC invocations=5 (full 1):
 PSYoungGen      total 76288K, used 7703K [0x00000007e5d80000, 0x00000007ef280000, 0x00000007f0800000)
  eden space 65536K, 0% used [0x00000007e5d80000,0x00000007e5d80000,0x00000007e9d80000)
  from space 10752K, 71% used [0x00000007ea800000,0x00000007eaf85ff0,0x00000007eb280000)
  to   space 10752K, 0% used [0x00000007e9d80000,0x00000007e9d80000,0x00000007ea800000)
 ParOldGen       total 175104K, used 395K [0x00000007d0800000, 0x00000007db300000, 0x00000007e5d80000)
  object space 175104K, 0% used [0x00000007d0800000,0x00000007d0862ed8,0x00000007db300000)
 Metaspace       used 20495K, capacity 21110K, committed 21248K, reserved 1067008K
  class space    used 3021K, capacity 3211K, committed 3328K, reserved 1048576K

Deoptimization events (10 events):
Event: 3.971 Thread 0x00007ff172d8a800 Uncommon trap: reason=class_check action=maybe_recompile pc=0x0000000106f6620c method=java.util.regex.Matcher.match(II)Z @ 86
Event: 4.060 Thread 0x00007ff172d8a800 Uncommon trap: reason=unstable_if action=reinterpret pc=0x0000000106fbe39c method=java.io.UnixFileSystem.normalize(Ljava/lang/String;)Ljava/lang/String; @ 60
Event: 4.061 Thread 0x00007ff172d8a800 Uncommon trap: reason=unstable_if action=reinterpret pc=0x00000001070b0c00 method=java.io.File.getName()Ljava/lang/String; @ 16
Event: 4.061 Thread 0x00007ff172d8a800 Uncommon trap: reason=unstable_if action=reinterpret pc=0x00000001070a86b0 method=java.lang.String.substring(I)Ljava/lang/String; @ 35
Event: 4.544 Thread 0x00007ff172d8a800 Uncommon trap: reason=unstable_if action=reinterpret pc=0x00000001070a31f4 method=java.util.LinkedHashMap.afterNodeInsertion(Z)V @ 1
Event: 4.544 Thread 0x00007ff172d8a800 Uncommon trap: reason=unstable_if action=reinterpret pc=0x0000000107029328 method=java.util.HashMap.getNode(ILjava/lang/Object;)Ljava/util/HashMap$Node; @ 129
Event: 4.545 Thread 0x00007ff172d8a800 Uncommon trap: reason=unstable_if action=reinterpret pc=0x00000001071f3784 method=java.util.HashMap.putVal(ILjava/lang/Object;Ljava/lang/Object;ZZ)Ljava/lang/Object; @ 206
Event: 4.550 Thread 0x00007ff172d8a800 Uncommon trap: reason=unstable_if action=reinterpret pc=0x0000000106fff3bc method=java.util.HashMap.getNode(ILjava/lang/Object;)Ljava/util/HashMap$Node; @ 129
Event: 4.550 Thread 0x00007ff172d8a800 Uncommon trap: reason=unstable_if action=reinterpret pc=0x00000001071dc3d4 method=java.util.HashMap.putVal(ILjava/lang/Object;Ljava/lang/Object;ZZ)Ljava/lang/Object; @ 206
Event: 4.740 Thread 0x00007ff172d8a800 Uncommon trap: reason=unstable_if action=reinterpret pc=0x00000001072437b0 method=java.util.jar.Attributes$Name.isDigit(C)Z @ 3

Classes redefined (0 events):
No events

Internal exceptions (10 events):
Event: 1.718 Thread 0x00007ff17180e800 Exception <a 'java/lang/ArrayIndexOutOfBoundsException'> (0x00000007e751a658) thrown at [/Users/jenkins/workspace/build-scripts/jobs/jdk8u/jdk8u-mac-x64-hotspot/workspace/build/src/hotspot/src/share/vm/runtime/sharedRuntime.cpp, line 609]
Event: 1.719 Thread 0x00007ff17180e800 Exception <a 'java/lang/ArrayIndexOutOfBoundsException'> (0x00000007e752ab10) thrown at [/Users/jenkins/workspace/build-scripts/jobs/jdk8u/jdk8u-mac-x64-hotspot/workspace/build/src/hotspot/src/share/vm/runtime/sharedRuntime.cpp, line 609]
Event: 1.721 Thread 0x00007ff17180e800 Exception <a 'java/lang/ArrayIndexOutOfBoundsException'> (0x00000007e7545e08) thrown at [/Users/jenkins/workspace/build-scripts/jobs/jdk8u/jdk8u-mac-x64-hotspot/workspace/build/src/hotspot/src/share/vm/runtime/sharedRuntime.cpp, line 609]
Event: 1.723 Thread 0x00007ff17180e800 Exception <a 'java/lang/ArrayIndexOutOfBoundsException'> (0x00000007e755a3a8) thrown at [/Users/jenkins/workspace/build-scripts/jobs/jdk8u/jdk8u-mac-x64-hotspot/workspace/build/src/hotspot/src/share/vm/runtime/sharedRuntime.cpp, line 609]
Event: 3.874 Thread 0x00007ff172d8a800 Exception <a 'java/lang/NoSuchMethodError': java.lang.Object.lambda$static$0(Lorg/gradle/internal/state/ModelObject;)Ljava/lang/String;> (0x00000007e86820f8) thrown at [/Users/jenkins/workspace/build-scripts/jobs/jdk8u/jdk8u-mac-x64-hotspot/workspace/buil
Event: 4.140 Thread 0x00007ff172d8a800 Exception <a 'java/lang/NoSuchMethodError': java.lang.Object.lambda$and$0(Ljava/util/function/Predicate;Ljava/lang/Object;)Z> (0x00000007e97bcb60) thrown at [/Users/jenkins/workspace/build-scripts/jobs/jdk8u/jdk8u-mac-x64-hotspot/workspace/build/src/hotsp
Event: 4.149 Thread 0x00007ff172d8a800 Exception <a 'java/lang/IncompatibleClassChangeError': Found class java.lang.Object, but interface was expected> (0x00000007e97ccff0) thrown at [/Users/jenkins/workspace/build-scripts/jobs/jdk8u/jdk8u-mac-x64-hotspot/workspace/build/src/hotspot/src/share/
Event: 4.153 Thread 0x00007ff172d8a800 Exception <a 'java/lang/NoSuchMethodError': java.lang.Object.lambda$or$2(Ljava/util/function/Predicate;Ljava/lang/Object;)Z> (0x00000007e97d1da0) thrown at [/Users/jenkins/workspace/build-scripts/jobs/jdk8u/jdk8u-mac-x64-hotspot/workspace/build/src/hotspo
Event: 4.198 Thread 0x00007ff172d8a800 Exception <a 'java/lang/NoSuchMethodError': java.lang.Object.lambda$comparing$77a9974f$1(Ljava/util/function/Function;Ljava/lang/Object;Ljava/lang/Object;)I> (0x00000007e9b7cfd0) thrown at [/Users/jenkins/workspace/build-scripts/jobs/jdk8u/jdk8u-mac-x64-h
Event: 5.456 Thread 0x00007ff172d8a800 Exception <a 'java/lang/NoSuchMethodError': java.lang.Object.lambda$withReadOnlyCache$0(Ljava/util/function/BiFunction;Lorg/gradle/api/internal/artifacts/ivyservice/ArtifactCacheMetadata;)Ljava/lang/Object;> (0x00000007e693a4f8) thrown at [/Users/jenkins/

Events (10 events):
Event: 5.486 loading class org/gradle/api/internal/artifacts/ivyservice/resolveengine/result/BuildIdentifierSerializer done
Event: 5.487 loading class org/gradle/internal/component/external/model/ModuleComponentFileArtifactIdentifier
Event: 5.487 loading class org/gradle/internal/component/external/model/ModuleComponentFileArtifactIdentifier done
Event: 5.487 loading class org/gradle/internal/component/local/model/ComponentFileArtifactIdentifier
Event: 5.487 loading class org/gradle/internal/component/local/model/ComponentFileArtifactIdentifier done
Event: 5.488 loading class org/gradle/api/internal/artifacts/metadata/ModuleComponentFileArtifactIdentifierSerializer
Event: 5.488 loading class org/gradle/api/internal/artifacts/metadata/ModuleComponentFileArtifactIdentifierSerializer done
Event: 5.489 loading class org/gradle/api/internal/artifacts/ivyservice/modulecache/artifacts/DefaultModuleArtifactCache$ArtifactAtRepositoryKeySerializer
Event: 5.489 loading class org/gradle/api/internal/artifacts/ivyservice/modulecache/artifacts/DefaultModuleArtifactCache$ArtifactAtRepositoryKeySerializer done
Event: 5.489 Executing VM operation: CollectForMetadataAllocation


Dynamic libraries:
0x00007fff2fcd9000 	/System/Library/Frameworks/Cocoa.framework/Versions/A/Cocoa
0x00007fff3d52c000 	/System/Library/Frameworks/Security.framework/Versions/A/Security
0x00007fff2ec3f000 	/System/Library/Frameworks/ApplicationServices.framework/Versions/A/ApplicationServices
0x00007fff6a3e2000 	/usr/lib/libz.1.dylib
0x00007fff67e16000 	/usr/lib/libSystem.B.dylib
0x00007fff30b8c000 	/System/Library/Frameworks/CoreFoundation.framework/Versions/A/CoreFoundation
0x00007fff3326f000 	/System/Library/Frameworks/Foundation.framework/Versions/C/Foundation
0x00007fff69d0f000 	/usr/lib/libobjc.A.dylib
0x00007fff2de31000 	/System/Library/Frameworks/AppKit.framework/Versions/C/AppKit
0x00007fff3065d000 	/System/Library/Frameworks/CoreData.framework/Versions/A/CoreData
0x00007fff61e03000 	/System/Library/PrivateFrameworks/UIFoundation.framework/Versions/A/UIFoundation
0x00007fff5ce97000 	/System/Library/PrivateFrameworks/RemoteViewServices.framework/Versions/A/RemoteViewServices
0x00007fff64986000 	/System/Library/PrivateFrameworks/XCTTargetBootstrap.framework/Versions/A/XCTTargetBootstrap
0x00007fff30a59000 	/System/Library/Frameworks/CoreDisplay.framework/Versions/A/CoreDisplay
0x00007fff3612e000 	/System/Library/Frameworks/Metal.framework/Versions/A/Metal
0x00007fff4ad27000 	/System/Library/PrivateFrameworks/DesktopServicesPriv.framework/Versions/A/DesktopServicesPriv
0x00007fff68fea000 	/usr/lib/liblangid.dylib
0x00007fff49fbc000 	/System/Library/PrivateFrameworks/CoreSVG.framework/Versions/A/CoreSVG
0x00007fff5fff3000 	/System/Library/PrivateFrameworks/SkyLight.framework/Versions/A/SkyLight
0x00007fff3100f000 	/System/Library/Frameworks/CoreGraphics.framework/Versions/A/CoreGraphics
0x00007fff2c7a0000 	/System/Library/Frameworks/Accelerate.framework/Versions/A/Accelerate
0x00007fff6a2d3000 	/usr/lib/libxml2.2.dylib
0x00007fff55cc9000 	/System/Library/PrivateFrameworks/IconServices.framework/Versions/A/IconServices
0x00007fff33a4e000 	/System/Library/Frameworks/IOSurface.framework/Versions/A/IOSurface
0x00007fff67940000 	/usr/lib/libDiagnosticMessagesClient.dylib
0x00007fff4ab81000 	/System/Library/PrivateFrameworks/DFRFoundation.framework/Versions/A/DFRFoundation
0x00007fff68d79000 	/usr/lib/libicucore.A.dylib
0x00007fff2ef71000 	/System/Library/Frameworks/AudioToolbox.framework/Versions/A/AudioToolbox
0x00007fff2f054000 	/System/Library/Frameworks/AudioUnit.framework/Versions/A/AudioUnit
0x00007fff680ae000 	/usr/lib/libauto.dylib
0x00007fff4ac23000 	/System/Library/PrivateFrameworks/DataDetectorsCore.framework/Versions/A/DataDetectorsCore
0x00007fff2f7fa000 	/System/Library/Frameworks/Carbon.framework/Versions/A/Frameworks/HIToolbox.framework/Versions/A/HIToolbox
0x00007fff3c725000 	/System/Library/Frameworks/QuartzCore.framework/Versions/A/QuartzCore
0x00007fff2fb39000 	/System/Library/Frameworks/Carbon.framework/Versions/A/Frameworks/SpeechRecognition.framework/Versions/A/SpeechRecognition
0x00007fff4a695000 	/System/Library/PrivateFrameworks/CoreUI.framework/Versions/A/CoreUI
0x00007fff300c8000 	/System/Library/Frameworks/CoreAudio.framework/Versions/A/CoreAudio
0x00007fff32f2e000 	/System/Library/Frameworks/DiskArbitration.framework/Versions/A/DiskArbitration
0x00007fff57e70000 	/System/Library/PrivateFrameworks/MultitouchSupport.framework/Versions/A/MultitouchSupport
0x00007fff68c3e000 	/usr/lib/libenergytrace.dylib
0x00007fff339a8000 	/System/Library/Frameworks/IOKit.framework/Versions/A/IOKit
0x00007fff31f99000 	/System/Library/Frameworks/CoreServices.framework/Versions/A/CoreServices
0x00007fff5a02a000 	/System/Library/PrivateFrameworks/PerformanceAnalysis.framework/Versions/A/PerformanceAnalysis
0x00007fff3b758000 	/System/Library/Frameworks/OpenGL.framework/Versions/A/OpenGL
0x00007fff2fce7000 	/System/Library/Frameworks/ColorSync.framework/Versions/A/ColorSync
0x00007fff316b5000 	/System/Library/Frameworks/CoreImage.framework/Versions/A/CoreImage
0x00007fff32a0d000 	/System/Library/Frameworks/CoreText.framework/Versions/A/CoreText
0x00007fff33ade000 	/System/Library/Frameworks/ImageIO.framework/Versions/A/ImageIO
0x00007fff68192000 	/usr/lib/libc++.1.dylib
0x00007fff6820e000 	/usr/lib/libcompression.dylib
0x00007fff67c84000 	/usr/lib/libMobileGestalt.dylib
0x00007fff61b6d000 	/System/Library/PrivateFrameworks/TextureIO.framework/Versions/A/TextureIO
0x00007fff67f7b000 	/usr/lib/libate.dylib
0x00007fff55ed2000 	/System/Library/PrivateFrameworks/InternationalSupport.framework/Versions/A/InternationalSupport
0x00007fff6aca3000 	/usr/lib/system/libcache.dylib
0x00007fff6aca9000 	/usr/lib/system/libcommonCrypto.dylib
0x00007fff6acb5000 	/usr/lib/system/libcompiler_rt.dylib
0x00007fff6acbd000 	/usr/lib/system/libcopyfile.dylib
0x00007fff6acc7000 	/usr/lib/system/libcorecrypto.dylib
0x00007fff6ae66000 	/usr/lib/system/libdispatch.dylib
0x00007fff6aea7000 	/usr/lib/system/libdyld.dylib
0x00007fff6aede000 	/usr/lib/system/libkeymgr.dylib
0x00007fff6aeec000 	/usr/lib/system/liblaunch.dylib
0x00007fff6aeed000 	/usr/lib/system/libmacho.dylib
0x00007fff6aef3000 	/usr/lib/system/libquarantine.dylib
0x00007fff6aef6000 	/usr/lib/system/libremovefile.dylib
0x00007fff6aef8000 	/usr/lib/system/libsystem_asl.dylib
0x00007fff6af10000 	/usr/lib/system/libsystem_blocks.dylib
0x00007fff6af11000 	/usr/lib/system/libsystem_c.dylib
0x00007fff6af99000 	/usr/lib/system/libsystem_configuration.dylib
0x00007fff6af9d000 	/usr/lib/system/libsystem_coreservices.dylib
0x00007fff6afa1000 	/usr/lib/system/libsystem_darwin.dylib
0x00007fff6afaa000 	/usr/lib/system/libsystem_dnssd.dylib
0x00007fff6afb2000 	/usr/lib/system/libsystem_featureflags.dylib
0x00007fff6afb4000 	/usr/lib/system/libsystem_info.dylib
0x00007fff6b02f000 	/usr/lib/system/libsystem_m.dylib
0x00007fff6b07b000 	/usr/lib/system/libsystem_malloc.dylib
0x00007fff6b0a3000 	/usr/lib/system/libsystem_networkextension.dylib
0x00007fff6b0b1000 	/usr/lib/system/libsystem_notify.dylib
0x00007fff6b0cf000 	/usr/lib/system/libsystem_sandbox.dylib
0x00007fff6b0d4000 	/usr/lib/system/libsystem_secinit.dylib
0x00007fff6b002000 	/usr/lib/system/libsystem_kernel.dylib
0x00007fff6b0bb000 	/usr/lib/system/libsystem_platform.dylib
0x00007fff6b0c4000 	/usr/lib/system/libsystem_pthread.dylib
0x00007fff6b0d7000 	/usr/lib/system/libsystem_symptoms.dylib
0x00007fff6b0df000 	/usr/lib/system/libsystem_trace.dylib
0x00007fff6b0f7000 	/usr/lib/system/libunwind.dylib
0x00007fff6b0fd000 	/usr/lib/system/libxpc.dylib
0x00007fff681e5000 	/usr/lib/libc++abi.dylib
0x00007fff68fec000 	/usr/lib/liblzma.5.dylib
0x00007fff68c67000 	/usr/lib/libfakelink.dylib
0x00007fff67f08000 	/usr/lib/libarchive.2.dylib
0x00007fff3e5df000 	/System/Library/Frameworks/SystemConfiguration.framework/Versions/A/SystemConfiguration
0x00007fff67873000 	/usr/lib/libCRFSuite.dylib
0x00007fff2f3eb000 	/System/Library/Frameworks/CFNetwork.framework/Versions/A/CFNetwork
0x00007fff68174000 	/usr/lib/libbsm.0.dylib
0x00007fff6aedf000 	/usr/lib/system/libkxld.dylib
0x00007fff444fb000 	/System/Library/PrivateFrameworks/AppleFSCompression.framework/Versions/A/AppleFSCompression
0x00007fff68500000 	/usr/lib/libcoretls.dylib
0x00007fff68517000 	/usr/lib/libcoretls_cfhelpers.dylib
0x00007fff69d54000 	/usr/lib/libpam.2.dylib
0x00007fff69e89000 	/usr/lib/libsqlite3.dylib
0x00007fff6a2c0000 	/usr/lib/libxar.1.dylib
0x00007fff68185000 	/usr/lib/libbz2.1.0.dylib
0x00007fff68c88000 	/usr/lib/libiconv.2.dylib
0x00007fff681fb000 	/usr/lib/libcharset.1.dylib
0x00007fff697f2000 	/usr/lib/libnetwork.dylib
0x00007fff69d5b000 	/usr/lib/libpcap.A.dylib
0x00007fff67ebd000 	/usr/lib/libapple_nghttp2.dylib
0x00007fff32350000 	/System/Library/Frameworks/CoreServices.framework/Versions/A/Frameworks/FSEvents.framework/Versions/A/FSEvents
0x00007fff32020000 	/System/Library/Frameworks/CoreServices.framework/Versions/A/Frameworks/CarbonCore.framework/Versions/A/CarbonCore
0x00007fff32595000 	/System/Library/Frameworks/CoreServices.framework/Versions/A/Frameworks/Metadata.framework/Versions/A/Metadata
0x00007fff3262e000 	/System/Library/Frameworks/CoreServices.framework/Versions/A/Frameworks/OSServices.framework/Versions/A/OSServices
0x00007fff3265c000 	/System/Library/Frameworks/CoreServices.framework/Versions/A/Frameworks/SearchKit.framework/Versions/A/SearchKit
0x00007fff31f9a000 	/System/Library/Frameworks/CoreServices.framework/Versions/A/Frameworks/AE.framework/Versions/A/AE
0x00007fff32359000 	/System/Library/Frameworks/CoreServices.framework/Versions/A/Frameworks/LaunchServices.framework/Versions/A/LaunchServices
0x00007fff32302000 	/System/Library/Frameworks/CoreServices.framework/Versions/A/Frameworks/DictionaryServices.framework/Versions/A/DictionaryServices
0x00007fff326c4000 	/System/Library/Frameworks/CoreServices.framework/Versions/A/Frameworks/SharedFileList.framework/Versions/A/SharedFileList
0x00007fff37577000 	/System/Library/Frameworks/NetFS.framework/Versions/A/NetFS
0x00007fff583a0000 	/System/Library/PrivateFrameworks/NetAuth.framework/Versions/A/NetAuth
0x00007fff64d53000 	/System/Library/PrivateFrameworks/login.framework/Versions/A/Frameworks/loginsupport.framework/Versions/A/loginsupport
0x00007fff61638000 	/System/Library/PrivateFrameworks/TCC.framework/Versions/A/TCC
0x00007fff4912f000 	/System/Library/PrivateFrameworks/CoreNLP.framework/Versions/A/CoreNLP
0x00007fff57746000 	/System/Library/PrivateFrameworks/MetadataUtilities.framework/Versions/A/MetadataUtilities
0x00007fff690c4000 	/usr/lib/libmecabra.dylib
0x00007fff6901c000 	/usr/lib/libmecab.dylib
0x00007fff68c78000 	/usr/lib/libgermantok.dylib
0x00007fff67ea4000 	/usr/lib/libThaiTokenizer.dylib
0x00007fff678aa000 	/usr/lib/libChineseTokenizer.dylib
0x00007fff2c7b9000 	/System/Library/Frameworks/Accelerate.framework/Versions/A/Frameworks/vImage.framework/Versions/A/vImage
0x00007fff2dc87000 	/System/Library/Frameworks/Accelerate.framework/Versions/A/Frameworks/vecLib.framework/Versions/A/vecLib
0x00007fff2db08000 	/System/Library/Frameworks/Accelerate.framework/Versions/A/Frameworks/vecLib.framework/Versions/A/libvMisc.dylib
0x00007fff2d975000 	/System/Library/Frameworks/Accelerate.framework/Versions/A/Frameworks/vecLib.framework/Versions/A/libvDSP.dylib
0x00007fff2d055000 	/System/Library/Frameworks/Accelerate.framework/Versions/A/Frameworks/vecLib.framework/Versions/A/libBLAS.dylib
0x00007fff2d52d000 	/System/Library/Frameworks/Accelerate.framework/Versions/A/Frameworks/vecLib.framework/Versions/A/libLAPACK.dylib
0x00007fff2d8d5000 	/System/Library/Frameworks/Accelerate.framework/Versions/A/Frameworks/vecLib.framework/Versions/A/libLinearAlgebra.dylib
0x00007fff2d962000 	/System/Library/Frameworks/Accelerate.framework/Versions/A/Frameworks/vecLib.framework/Versions/A/libSparseBLAS.dylib
0x00007fff2d8eb000 	/System/Library/Frameworks/Accelerate.framework/Versions/A/Frameworks/vecLib.framework/Versions/A/libQuadrature.dylib
0x00007fff2d1eb000 	/System/Library/Frameworks/Accelerate.framework/Versions/A/Frameworks/vecLib.framework/Versions/A/libBNNS.dylib
0x00007fff2d8f1000 	/System/Library/Frameworks/Accelerate.framework/Versions/A/Frameworks/vecLib.framework/Versions/A/libSparse.dylib
0x00007fff562ba000 	/System/Library/PrivateFrameworks/LanguageModeling.framework/Versions/A/LanguageModeling
0x00007fff48ade000 	/System/Library/PrivateFrameworks/CoreEmoji.framework/Versions/A/CoreEmoji
0x00007fff563d8000 	/System/Library/PrivateFrameworks/LinguisticData.framework/Versions/A/LinguisticData
0x00007fff56389000 	/System/Library/PrivateFrameworks/Lexicon.framework/Versions/A/Lexicon
0x00007fff681fc000 	/usr/lib/libcmph.dylib
0x00007fff3a166000 	/System/Library/Frameworks/OpenDirectory.framework/Versions/A/Frameworks/CFOpenDirectory.framework/Versions/A/CFOpenDirectory
0x00007fff3a183000 	/System/Library/Frameworks/OpenDirectory.framework/Versions/A/OpenDirectory
0x00007fff425c9000 	/System/Library/PrivateFrameworks/APFS.framework/Versions/A/APFS
0x00007fff3d878000 	/System/Library/Frameworks/SecurityFoundation.framework/Versions/A/SecurityFoundation
0x00007fff6a2bc000 	/usr/lib/libutil.dylib
0x00007fff4a014000 	/System/Library/PrivateFrameworks/CoreServicesStore.framework/Versions/A/CoreServicesStore
0x00007fff3d92f000 	/System/Library/Frameworks/ServiceManagement.framework/Versions/A/ServiceManagement
0x00007fff45ccc000 	/System/Library/PrivateFrameworks/BackgroundTaskManagement.framework/Versions/A/BackgroundTaskManagement
0x00007fff6a3b9000 	/usr/lib/libxslt.1.dylib
0x00007fff44b6e000 	/System/Library/PrivateFrameworks/AppleSystemInfo.framework/Versions/A/AppleSystemInfo
0x00007fff33cfd000 	/System/Library/Frameworks/ImageIO.framework/Versions/A/Resources/libJPEG.dylib
0x00007fff33fbc000 	/System/Library/Frameworks/ImageIO.framework/Versions/A/Resources/libTIFF.dylib
0x00007fff33f9f000 	/System/Library/Frameworks/ImageIO.framework/Versions/A/Resources/libPng.dylib
0x00007fff33c3f000 	/System/Library/Frameworks/ImageIO.framework/Versions/A/Resources/libGIF.dylib
0x00007fff33c43000 	/System/Library/Frameworks/ImageIO.framework/Versions/A/Resources/libJP2.dylib
0x00007fff33fba000 	/System/Library/Frameworks/ImageIO.framework/Versions/A/Resources/libRadiance.dylib
0x00007fff68c3f000 	/usr/lib/libexpat.1.dylib
0x00007fff44656000 	/System/Library/PrivateFrameworks/AppleJPEG.framework/Versions/A/AppleJPEG
0x00007fff4d32a000 	/System/Library/PrivateFrameworks/FontServices.framework/libFontParser.dylib
0x00007fff63d55000 	/System/Library/PrivateFrameworks/WatchdogClient.framework/Versions/A/WatchdogClient
0x00007fff55915000 	/System/Library/PrivateFrameworks/IOAccelerator.framework/Versions/A/IOAccelerator
0x00007fff364c9000 	/System/Library/Frameworks/MetalPerformanceShaders.framework/Versions/A/MetalPerformanceShaders
0x00007fff520a5000 	/System/Library/PrivateFrameworks/GPUWrangler.framework/Versions/A/GPUWrangler
0x00007fff5592a000 	/System/Library/PrivateFrameworks/IOPresentment.framework/Versions/A/IOPresentment
0x00007fff4ab94000 	/System/Library/PrivateFrameworks/DSExternalDisplay.framework/Versions/A/DSExternalDisplay
0x00007fff3aaf7000 	/System/Library/Frameworks/OpenGL.framework/Versions/A/Libraries/libCoreFSCache.dylib
0x00007fff36215000 	/System/Library/Frameworks/MetalPerformanceShaders.framework/Frameworks/MPSCore.framework/Versions/A/MPSCore
0x00007fff36253000 	/System/Library/Frameworks/MetalPerformanceShaders.framework/Frameworks/MPSImage.framework/Versions/A/MPSImage
0x00007fff3631a000 	/System/Library/Frameworks/MetalPerformanceShaders.framework/Frameworks/MPSNeuralNetwork.framework/Versions/A/MPSNeuralNetwork
0x00007fff362de000 	/System/Library/Frameworks/MetalPerformanceShaders.framework/Frameworks/MPSMatrix.framework/Versions/A/MPSMatrix
0x00007fff36479000 	/System/Library/Frameworks/MetalPerformanceShaders.framework/Frameworks/MPSRayIntersector.framework/Versions/A/MPSRayIntersector
0x00007fff36304000 	/System/Library/Frameworks/MetalPerformanceShaders.framework/Frameworks/MPSNDArray.framework/Versions/A/MPSNDArray
0x00007fff57793000 	/System/Library/PrivateFrameworks/MetalTools.framework/Versions/A/MetalTools
0x00007fff437a3000 	/System/Library/PrivateFrameworks/AggregateDictionary.framework/Versions/A/AggregateDictionary
0x00007fff48526000 	/System/Library/PrivateFrameworks/CoreAnalytics.framework/Versions/A/CoreAnalytics
0x00007fff44a8d000 	/System/Library/PrivateFrameworks/AppleSauce.framework/Versions/A/AppleSauce
0x00007fff67b66000 	/usr/lib/libIOReport.dylib
0x00007fff32bc5000 	/System/Library/Frameworks/CoreVideo.framework/Versions/A/CoreVideo
0x00007fff5351e000 	/System/Library/PrivateFrameworks/GraphVisualizer.framework/Versions/A/GraphVisualizer
0x00007fff4c870000 	/System/Library/PrivateFrameworks/FaceCore.framework/Versions/A/FaceCore
0x00007fff3a10d000 	/System/Library/Frameworks/OpenCL.framework/Versions/A/OpenCL
0x00007fff67988000 	/usr/lib/libFosl_dynamic.dylib
0x00007fff58dc1000 	/System/Library/PrivateFrameworks/OTSVG.framework/Versions/A/OTSVG
0x00007fff2ed44000 	/System/Library/Frameworks/ApplicationServices.framework/Versions/A/Frameworks/ATS.framework/Versions/A/Resources/libFontRegistry.dylib
0x00007fff4d4f9000 	/System/Library/PrivateFrameworks/FontServices.framework/libhvf.dylib
0x00007fff3ab02000 	/System/Library/Frameworks/OpenGL.framework/Versions/A/Libraries/libGFXShared.dylib
0x00007fff3ace0000 	/System/Library/Frameworks/OpenGL.framework/Versions/A/Libraries/libGLU.dylib
0x00007fff3ab0b000 	/System/Library/Frameworks/OpenGL.framework/Versions/A/Libraries/libGL.dylib
0x00007fff3ab16000 	/System/Library/Frameworks/OpenGL.framework/Versions/A/Libraries/libGLImage.dylib
0x00007fff3aaf4000 	/System/Library/Frameworks/OpenGL.framework/Versions/A/Libraries/libCVMSPluginSupport.dylib
0x00007fff3aafd000 	/System/Library/Frameworks/OpenGL.framework/Versions/A/Libraries/libCoreVMClient.dylib
0x00007fff69693000 	/usr/lib/libncurses.5.4.dylib
0x00007fff2ec40000 	/System/Library/Frameworks/ApplicationServices.framework/Versions/A/Frameworks/ATS.framework/Versions/A/ATS
0x00007fff2ee0d000 	/System/Library/Frameworks/ApplicationServices.framework/Versions/A/Frameworks/ColorSyncLegacy.framework/Versions/A/ColorSyncLegacy
0x00007fff2eeab000 	/System/Library/Frameworks/ApplicationServices.framework/Versions/A/Frameworks/HIServices.framework/Versions/A/HIServices
0x00007fff2ef03000 	/System/Library/Frameworks/ApplicationServices.framework/Versions/A/Frameworks/LangAnalysis.framework/Versions/A/LangAnalysis
0x00007fff2ef12000 	/System/Library/Frameworks/ApplicationServices.framework/Versions/A/Frameworks/PrintCore.framework/Versions/A/PrintCore
0x00007fff2ef58000 	/System/Library/Frameworks/ApplicationServices.framework/Versions/A/Frameworks/QD.framework/Versions/A/QD
0x00007fff2ef63000 	/System/Library/Frameworks/ApplicationServices.framework/Versions/A/Frameworks/SpeechSynthesis.framework/Versions/A/SpeechSynthesis
0x00007fff2eddd000 	/System/Library/Frameworks/ApplicationServices.framework/Versions/A/Frameworks/ATSUI.framework/Versions/A/ATSUI
0x00007fff68ad5000 	/usr/lib/libcups.2.dylib
0x00007fff35564000 	/System/Library/Frameworks/Kerberos.framework/Versions/A/Kerberos
0x00007fff336a1000 	/System/Library/Frameworks/GSS.framework/Versions/A/GSS
0x00007fff69e15000 	/usr/lib/libresolv.9.dylib
0x00007fff536cb000 	/System/Library/PrivateFrameworks/Heimdal.framework/Versions/A/Heimdal
0x00007fff35577000 	/System/Library/Frameworks/Kerberos.framework/Versions/A/Libraries/libHeimdalProxy.dylib
0x00007fff68c7e000 	/usr/lib/libheimdal-asn1.dylib
0x00007fff479be000 	/System/Library/PrivateFrameworks/CommonAuth.framework/Versions/A/CommonAuth
0x00007fff44c0b000 	/System/Library/PrivateFrameworks/AssertionServices.framework/Versions/A/AssertionServices
0x00007fff457ae000 	/System/Library/PrivateFrameworks/AudioToolboxCore.framework/Versions/A/AudioToolboxCore
0x00007fff64a03000 	/System/Library/PrivateFrameworks/caulk.framework/Versions/A/caulk
0x00007fff45d78000 	/System/Library/PrivateFrameworks/BaseBoard.framework/Versions/A/BaseBoard
0x00007fff5d025000 	/System/Library/PrivateFrameworks/RunningBoardServices.framework/Versions/A/RunningBoardServices
0x00007fff5a036000 	/System/Library/PrivateFrameworks/PersistentConnection.framework/Versions/A/PersistentConnection
0x00007fff5ca1e000 	/System/Library/PrivateFrameworks/ProtocolBuffer.framework/Versions/A/ProtocolBuffer
0x00007fff479e2000 	/System/Library/PrivateFrameworks/CommonUtilities.framework/Versions/A/CommonUtilities
0x00007fff45f06000 	/System/Library/PrivateFrameworks/Bom.framework/Versions/A/Bom
0x00007fff67839000 	/usr/lib/libAudioToolboxUtility.dylib
0x00007fff45cd6000 	/System/Library/PrivateFrameworks/Backup.framework/Versions/A/Backup
0x00007fff4aab5000 	/System/Library/PrivateFrameworks/CrashReporterSupport.framework/Versions/A/CrashReporterSupport
0x00007fff5eab7000 	/System/Library/PrivateFrameworks/Sharing.framework/Versions/A/Sharing
0x00007fff44219000 	/System/Library/PrivateFrameworks/Apple80211.framework/Versions/A/Apple80211
0x00007fff459f3000 	/System/Library/PrivateFrameworks/AuthKit.framework/Versions/A/AuthKit
0x00007fff4a7c2000 	/System/Library/PrivateFrameworks/CoreUtils.framework/Versions/A/CoreUtils
0x00007fff32c0a000 	/System/Library/Frameworks/CoreWLAN.framework/Versions/A/CoreWLAN
0x00007fff3382e000 	/System/Library/Frameworks/IOBluetooth.framework/Versions/A/IOBluetooth
0x00007fff57bef000 	/System/Library/PrivateFrameworks/MobileKeyBag.framework/Versions/A/MobileKeyBag
0x00007fff495c7000 	/System/Library/PrivateFrameworks/CorePhoneNumbers.framework/Versions/A/CorePhoneNumbers
0x00007fff44609000 	/System/Library/PrivateFrameworks/AppleIDAuthSupport.framework/Versions/A/AppleIDAuthSupport
0x00007fff37584000 	/System/Library/Frameworks/Network.framework/Versions/A/Network
0x00007fff56166000 	/System/Library/PrivateFrameworks/KeychainCircle.framework/Versions/A/KeychainCircle
0x00007fff30624000 	/System/Library/Frameworks/CoreBluetooth.framework/Versions/A/CoreBluetooth
0x00007fff60b36000 	/System/Library/PrivateFrameworks/SpeechRecognitionCore.framework/Versions/A/SpeechRecognitionCore
0x0000000105f7d000 	/Library/Java/JavaVirtualMachines/adoptopenjdk-8.jdk/Contents/Home/jre/lib/server/libjvm.dylib
0x0000000104940000 	/Library/Java/JavaVirtualMachines/adoptopenjdk-8.jdk/Contents/Home/jre/lib/libverify.dylib
0x0000000104951000 	/Library/Java/JavaVirtualMachines/adoptopenjdk-8.jdk/Contents/Home/jre/lib/libjava.dylib
0x00000001049e0000 	/Library/Java/JavaVirtualMachines/adoptopenjdk-8.jdk/Contents/Home/jre/lib/libzip.dylib
0x0000000105a67000 	/Library/Java/JavaVirtualMachines/adoptopenjdk-8.jdk/Contents/Home/jre/lib/libnio.dylib
0x0000000105a80000 	/Library/Java/JavaVirtualMachines/adoptopenjdk-8.jdk/Contents/Home/jre/lib/libnet.dylib
0x0000000105d73000 	/Users/parashsoni/.gradle/native/fdc75f09e3144964f2cf3f50f0aa648679c211496f362492102eb8c894070792/osx-amd64/libnative-platform.dylib
0x0000000105d7a000 	/Users/parashsoni/.gradle/native/12488b8bf47d2d4c9fbf2f6322a914ad602e24e48041cd04a747c6da556b65c4/osx-amd64/libnative-platform-file-events.dylib
0x0000000119603000 	/Library/Java/JavaVirtualMachines/adoptopenjdk-8.jdk/Contents/Home/jre/lib/libmanagement.dylib

VM Arguments:
jvm_args: -XX:MaxMetaspaceSize=256m -XX:+HeapDumpOnOutOfMemoryError -Xms256m -Xmx512m -Dfile.encoding=UTF-8 -Duser.country=GB -Duser.language=en -Duser.variant 
java_command: org.gradle.launcher.daemon.bootstrap.GradleDaemon 6.7
java_class_path (initial): /Users/parashsoni/.gradle/wrapper/dists/gradle-6.7-all/cuy9mc7upwgwgeb72wkcrupxe/gradle-6.7/lib/gradle-launcher-6.7.jar
Launcher Type: SUN_STANDARD

Environment Variables:
PATH=/Users/parashsoni/Desktop/Practicals/Contractor/android/node_modules/.bin:/Users/parashsoni/Desktop/Practicals/Contractor/node_modules/.bin:/Users/parashsoni/Desktop/Practicals/node_modules/.bin:/Users/parashsoni/Desktop/node_modules/.bin:/Users/parashsoni/node_modules/.bin:/Users/node_modules/.bin:/node_modules/.bin:/usr/local/Cellar/node/16.11.0/bin:/Users/parashsoni/Desktop/Practicals/Contractor/node_modules/.bin:/Users/parashsoni/Desktop/Practicals/node_modules/.bin:/Users/parashsoni/Desktop/node_modules/.bin:/Users/parashsoni/node_modules/.bin:/Users/node_modules/.bin:/node_modules/.bin:/usr/local/lib/node_modules/npm/node_modules/@npmcli/run-script/lib/node-gyp-bin:/Users/parashsoni/Desktop/Practicals/Contractor/node_modules/.bin:/usr/local/bin:/usr/bin:/bin:/usr/sbin:/sbin:/usr/local/share/dotnet:~/.dotnet/tools:/Library/Apple/usr/bin:/Users/parashsoni/Library/Android/sdk/emulator:/Users/parashsoni/Library/Android/sdk/tools:/Users/parashsoni/Library/Android/sdk/tools/bin:/Users/parashsoni/Library/Android/sdk/platform-tools
SHELL=/bin/zsh

Signal Handlers:
SIGSEGV: [libjvm.dylib+0x597a73], sa_mask[0]=11111111011111110111111111111111, sa_flags=SA_ONSTACK|SA_RESTART|SA_SIGINFO
SIGBUS: [libjvm.dylib+0x597a73], sa_mask[0]=11111111011111110111111111111111, sa_flags=SA_RESTART|SA_SIGINFO
SIGFPE: [libjvm.dylib+0x48bbdb], sa_mask[0]=11111111011111110111111111111111, sa_flags=SA_RESTART|SA_SIGINFO
SIGPIPE: [libjvm.dylib+0x48bbdb], sa_mask[0]=11111111011111110111111111111111, sa_flags=SA_RESTART|SA_SIGINFO
SIGXFSZ: [libjvm.dylib+0x48bbdb], sa_mask[0]=11111111011111110111111111111111, sa_flags=SA_RESTART|SA_SIGINFO
SIGILL: [libjvm.dylib+0x48bbdb], sa_mask[0]=11111111011111110111111111111111, sa_flags=SA_RESTART|SA_SIGINFO
SIGUSR1: SIG_DFL, sa_mask[0]=00000000000000000000000000000000, sa_flags=SA_RESTART
SIGUSR2: [libjvm.dylib+0x48c4d2], sa_mask[0]=00100000000000000000000000000000, sa_flags=SA_RESTART|SA_SIGINFO
SIGHUP: [libjvm.dylib+0x48a6d1], sa_mask[0]=11111111011111110111111111111111, sa_flags=SA_RESTART|SA_SIGINFO
SIGINT: [libjvm.dylib+0x48a6d1], sa_mask[0]=11111111011111110111111111111111, sa_flags=SA_RESTART|SA_SIGINFO
SIGTERM: [libjvm.dylib+0x48a6d1], sa_mask[0]=11111111011111110111111111111111, sa_flags=SA_RESTART|SA_SIGINFO
SIGQUIT: [libjvm.dylib+0x48a6d1], sa_mask[0]=11111111011111110111111111111111, sa_flags=SA_RESTART|SA_SIGINFO


---------------  S Y S T E M  ---------------

OS:Bsduname:Darwin 19.6.0 Darwin Kernel Version 19.6.0: Tue Aug 24 20:28:00 PDT 2021; root:xnu-6153.141.40~1/RELEASE_X86_64 x86_64
rlimit: STACK 8192k, CORE 0k, NPROC 1392, NOFILE 10240, AS infinity
load average:5.32 7.40 3.91

CPU:total 4 (initial active 4) (2 cores per cpu, 2 threads per core) family 6 model 58 stepping 9, cmov, cx8, fxsr, mmx, sse, sse2, sse3, ssse3, sse4.1, sse4.2, popcnt, avx, aes, clmul, erms, ht, tsc, tscinvbit, tscinv

Memory: 4k page, physical 10485760k(3982196k free)

/proc/meminfo:


vm_info: OpenJDK 64-Bit Server VM (25.292-b10) for bsd-amd64 JRE (1.8.0_292-b10), built on Apr 20 2021 21:55:04 by "jenkins" with gcc 4.2.1 Compatible Apple LLVM 10.0.1 (clang-1001.0.46.4)

time: Wed Jan 12 23:22:33 2022
timezone: IST
elapsed time: 5.528939 seconds (0d 0h 0m 5s)

